[debug] [2023-02-02T06:27:12.429Z] ----------------------------------------------------------------------
[debug] [2023-02-02T06:27:12.434Z] Command:       /Users/shashankh/.nvm/versions/node/v19.0.1/bin/node /Users/shashankh/.nvm/versions/node/v19.0.1/bin/firebase init
[debug] [2023-02-02T06:27:12.435Z] CLI Version:   11.21.0
[debug] [2023-02-02T06:27:12.435Z] Platform:      darwin
[debug] [2023-02-02T06:27:12.435Z] Node Version:  v19.0.1
[debug] [2023-02-02T06:27:12.435Z] Time:          Thu Feb 02 2023 11:57:12 GMT+0530 (India Standard Time)
[debug] [2023-02-02T06:27:12.435Z] ----------------------------------------------------------------------
[debug] 
[debug] [2023-02-02T06:27:12.482Z] > command requires scopes: ["email","openid","https://www.googleapis.com/auth/cloudplatformprojects.readonly","https://www.googleapis.com/auth/firebase","https://www.googleapis.com/auth/cloud-platform"]
[debug] [2023-02-02T06:27:12.482Z] > authorizing via signed-in user (shashank.kanni@gmail.com)
[info] 
     ######## #### ########  ######## ########     ###     ######  ########
     ##        ##  ##     ## ##       ##     ##  ##   ##  ##       ##
     ######    ##  ########  ######   ########  #########  ######  ######
     ##        ##  ##    ##  ##       ##     ## ##     ##       ## ##
     ##       #### ##     ## ######## ########  ##     ##  ######  ########

You're about to initialize a Firebase project in this directory:

  /Users/shashankh/Documents/GitHub/CGPA

Before we get started, keep in mind:

  * You are initializing within an existing Firebase project directory

